TN:
SF:src/filtermapaddreduce.ts
FN:13,(anonymous_0)
FNF:1
FNH:1
FNDA:3,(anonymous_0)
DA:1,1
DA:6,1
DA:14,3
DA:15,3
DA:16,8
DA:18,3
LF:6
LH:6
BRF:0
BRH:0
end_of_record
TN:
SF:src/filtermapdivreduce.ts
FN:13,(anonymous_0)
FNF:1
FNH:1
FNDA:4,(anonymous_0)
DA:1,1
DA:6,1
DA:14,4
DA:15,3
DA:17,4
DA:18,4
DA:19,14
DA:21,4
LF:8
LH:8
BRDA:14,0,0,3
BRDA:14,0,1,1
BRF:2
BRH:2
end_of_record
TN:
SF:src/filtermapprodreduce.ts
FN:13,(anonymous_0)
FNF:1
FNH:1
FNDA:4,(anonymous_0)
DA:1,1
DA:6,1
DA:14,4
DA:15,3
DA:17,4
DA:18,4
DA:19,14
DA:21,4
LF:8
LH:8
BRDA:14,0,0,3
BRDA:14,0,1,1
BRF:2
BRH:2
end_of_record
TN:
SF:src/filtermapreducetemplate.ts
FN:21,(anonymous_0)
FN:38,(anonymous_1)
FN:50,(anonymous_2)
FN:58,(anonymous_3)
FN:66,(anonymous_4)
FN:74,(anonymous_5)
FN:82,(anonymous_6)
FN:90,(anonymous_7)
FN:98,(anonymous_8)
FNF:9
FNH:9
FNDA:12,(anonymous_0)
FNDA:12,(anonymous_1)
FNDA:12,(anonymous_2)
FNDA:12,(anonymous_3)
FNDA:12,(anonymous_4)
FNDA:12,(anonymous_5)
FNDA:12,(anonymous_6)
FNDA:12,(anonymous_7)
FNDA:12,(anonymous_8)
DA:1,1
DA:2,1
DA:7,1
DA:22,12
DA:24,12
DA:25,60
DA:26,32
DA:29,12
DA:39,12
DA:40,12
DA:41,32
DA:43,12
DA:51,12
DA:59,12
DA:67,12
DA:75,12
DA:83,12
DA:91,12
DA:99,12
DA:101,12
DA:102,12
DA:103,12
DA:104,12
DA:105,12
DA:106,12
DA:107,12
DA:108,12
DA:109,12
DA:111,12
LF:29
LH:29
BRDA:25,0,0,32
BRDA:25,0,1,28
BRF:2
BRH:2
end_of_record
TN:
SF:src/filtermapsubreduce.ts
FN:13,(anonymous_0)
FNF:1
FNH:1
FNDA:3,(anonymous_0)
DA:1,1
DA:6,1
DA:14,3
DA:15,3
DA:16,8
DA:18,3
LF:6
LH:6
BRF:0
BRH:0
end_of_record
TN:
SF:src/functions.ts
FN:6,addOne
FN:15,isPar
FNF:2
FNH:2
FNDA:32,addOne
FNDA:60,isPar
DA:6,1
DA:7,32
DA:15,1
DA:16,60
DA:17,32
LF:5
LH:5
BRDA:16,0,0,32
BRDA:16,0,1,28
BRF:2
BRH:2
end_of_record
